0 info it worked if it ends with ok
1 verbose cli [ 'D:\\usr\\local\\nodejs\\\\node.exe',
1 verbose cli   'D:\\usr\\local\\nodejs\\node_modules\\npm\\bin\\npm-cli.js',
1 verbose cli   'start' ]
2 info using npm@2.10.1
3 info using node@v0.12.4
4 verbose stack Error: ENOENT, open 'D:\home\gocode\src\github.com\zhgo\example\package.json'
4 verbose stack     at Error (native)
5 verbose cwd D:\home\gocode\src\github.com\zhgo\example
6 error Windows_NT 6.1.7601
7 error argv "D:\\usr\\local\\nodejs\\\\node.exe" "D:\\usr\\local\\nodejs\\node_modules\\npm\\bin\\npm-cli.js" "start"
8 error node v0.12.4
9 error npm  v2.10.1
10 error path D:\home\gocode\src\github.com\zhgo\example\package.json
11 error code ENOENT
12 error errno -4058
13 error enoent ENOENT, open 'D:\home\gocode\src\github.com\zhgo\example\package.json'
13 error enoent This is most likely not a problem with npm itself
13 error enoent and is related to npm not being able to find a file.
14 verbose exit [ -4058, true ]
